info it worked if it ends with ok
verbose cli [ 'node', '/usr/local/bin/npm', 'publish' ]
info using npm@1.0.6
info using node@v0.4.2
verbose config file /Users/jacob/.npmrc
verbose config file /usr/local/etc/npmrc
verbose publish [ '.' ]
silly testEngine { name: 'stache',
silly testEngine   description: 'mustache templating for your express apps',
silly testEngine   version: '0.0.2',
silly testEngine   authors: [ 'Jacob Thornton <@fat>' ],
silly testEngine   keywords: [ 'mustache', 'express', 'stache' ],
silly testEngine   main: './index.js',
silly testEngine   engines: { node: '>= 0.4.1' },
silly testEngine   dependencies: { mustache: '>= 0.2.3', express: '>= 2.1.0' },
silly testEngine   devDependencies: {},
silly testEngine   _id: 'stache@0.0.2',
silly testEngine   _engineSupported: true,
silly testEngine   _npmVersion: '1.0.6',
silly testEngine   _nodeVersion: 'v0.4.2',
silly testEngine   _defaultsLoaded: true }
verbose caching package.json
verbose loadDefaults stache@0.0.2
verbose pack /Users/jacob/workspace/stache /tmp/npm-1306361100922/1306361100922-0.08003316377289593/tmp.tgz
silly testEngine { name: 'stache',
silly testEngine   description: 'mustache templating for your express apps',
silly testEngine   version: '0.0.2',
silly testEngine   authors: [ 'Jacob Thornton <@fat>' ],
silly testEngine   keywords: [ 'mustache', 'express', 'stache' ],
silly testEngine   main: './index.js',
silly testEngine   engines: { node: '>= 0.4.1' },
silly testEngine   dependencies: { mustache: '>= 0.2.3', express: '>= 2.1.0' },
silly testEngine   devDependencies: {},
silly testEngine   _id: 'stache@0.0.2',
silly testEngine   _engineSupported: true,
silly testEngine   _npmVersion: '1.0.6',
silly testEngine   _nodeVersion: 'v0.4.2',
silly testEngine   _defaultsLoaded: true,
silly testEngine   path: '/Users/jacob/workspace/stache' }
verbose caching /Users/jacob/workspace/stache/package.json
verbose loadDefaults stache@0.0.2
verbose umasking from 27 755
verbose mkdir done: /tmp/npm-1306361100922/1306361100922-0.08003316377289593 755
verbose mkdir'ed /tmp/npm-1306361100922/1306361100922-0.08003316377289593
verbose tar about to write tar and gzip it.
silly tar args [ '-cvf',
silly tar args   '-',
silly tar args   'stache/index.js',
silly tar args   'stache/package.json',
silly tar args   'stache/README.md',
silly tar args   'stache/lib/stache.js',
silly tar args   'stache/test/test.js',
silly tar args   'stache/examples/app.js',
silly tar args   'stache/examples/public/application.css',
silly tar args   'stache/examples/views/fat.mustache',
silly tar args   'stache/examples/views/index.mustache',
silly tar args   'stache/examples/views/layout.mustache',
silly tar args   'stache/examples/views/nav.mustache' ]
verbose success tar -cvf - <file list elided>
verbose success gzip "--stdout"
verbose mkdir done: /tmp/npm-1306361100922/1306361100922-0.08003316377289593/contents/___package.npm 755
verbose unpack_ uid, gid [ 503, 20 ]
verbose unpackTarget /tmp/npm-1306361100922/1306361100922-0.08003316377289593/contents/package
silly gunzTarPerm modes [ '755', '644' ]
verbose success gzip "--decompress" "--stdout" "/tmp/npm-1306361100922/1306361100922-0.08003316377289593/tmp.tgz"
verbose success tar "-mvxpf" "-" "--no-same-owner" "-C" "/tmp/npm-1306361100922/1306361100922-0.08003316377289593/contents/___package.npm"
silly asyncMap in gTP /tmp/npm-1306361100922/1306361100922-0.08003316377289593/contents/___package.npm/stache/
silly asyncMap in gTP /tmp/npm-1306361100922/1306361100922-0.08003316377289593/contents/___package.npm/stache/index.js
silly asyncMap in gTP /tmp/npm-1306361100922/1306361100922-0.08003316377289593/contents/___package.npm/stache/package.json
silly asyncMap in gTP /tmp/npm-1306361100922/1306361100922-0.08003316377289593/contents/___package.npm/stache/README.md
silly asyncMap in gTP /tmp/npm-1306361100922/1306361100922-0.08003316377289593/contents/___package.npm/stache/lib/
silly asyncMap in gTP /tmp/npm-1306361100922/1306361100922-0.08003316377289593/contents/___package.npm/stache/lib/stache.js
silly asyncMap in gTP /tmp/npm-1306361100922/1306361100922-0.08003316377289593/contents/___package.npm/stache/test/
silly asyncMap in gTP /tmp/npm-1306361100922/1306361100922-0.08003316377289593/contents/___package.npm/stache/test/test.js
silly asyncMap in gTP /tmp/npm-1306361100922/1306361100922-0.08003316377289593/contents/___package.npm/stache/examples/
silly asyncMap in gTP /tmp/npm-1306361100922/1306361100922-0.08003316377289593/contents/___package.npm/stache/examples/app.js
silly asyncMap in gTP /tmp/npm-1306361100922/1306361100922-0.08003316377289593/contents/___package.npm/stache/examples/public/
silly asyncMap in gTP /tmp/npm-1306361100922/1306361100922-0.08003316377289593/contents/___package.npm/stache/examples/public/application.css
silly asyncMap in gTP /tmp/npm-1306361100922/1306361100922-0.08003316377289593/contents/___package.npm/stache/examples/views/
silly asyncMap in gTP /tmp/npm-1306361100922/1306361100922-0.08003316377289593/contents/___package.npm/stache/examples/views/fat.mustache
silly asyncMap in gTP /tmp/npm-1306361100922/1306361100922-0.08003316377289593/contents/___package.npm/stache/examples/views/index.mustache
silly asyncMap in gTP /tmp/npm-1306361100922/1306361100922-0.08003316377289593/contents/___package.npm/stache/examples/views/layout.mustache
silly asyncMap in gTP /tmp/npm-1306361100922/1306361100922-0.08003316377289593/contents/___package.npm/stache/examples/views/nav.mustache
silly chmod stache/ 755
silly chmod lib/ 755
silly chmod stache.js 644
silly chmod test/ 755
silly chmod test.js 644
silly chmod examples/ 755
silly chmod app.js 644
silly chmod public/ 755
silly chmod application.css 644
silly chmod views/ 755
silly chmod fat.mustache 644
silly chmod index.mustache 644
silly chmod layout.mustache 644
silly chmod nav.mustache 644
verbose gunzed /tmp/npm-1306361100922/1306361100922-0.08003316377289593/contents/___package.npm/stache
verbose rm'ed /tmp/npm-1306361100922/1306361100922-0.08003316377289593/contents/package
verbose renamed [ '/tmp/npm-1306361100922/1306361100922-0.08003316377289593/contents/___package.npm/stache',
verbose renamed   '/tmp/npm-1306361100922/1306361100922-0.08003316377289593/contents/package' ]
silly testEngine { name: 'stache',
silly testEngine   description: 'mustache templating for your express apps',
silly testEngine   version: '0.0.2',
silly testEngine   authors: [ 'Jacob Thornton <@fat>' ],
silly testEngine   keywords: [ 'mustache', 'express', 'stache' ],
silly testEngine   main: './index.js',
silly testEngine   engines: { node: '>= 0.4.1' },
silly testEngine   dependencies: { mustache: '>= 0.2.3', express: '>= 2.1.0' },
silly testEngine   devDependencies: {},
silly testEngine   _id: 'stache@0.0.2',
silly testEngine   _engineSupported: true,
silly testEngine   _npmVersion: '1.0.6',
silly testEngine   _nodeVersion: 'v0.4.2',
silly testEngine   _defaultsLoaded: true,
silly testEngine   path: '/tmp/npm-1306361100922/1306361100922-0.08003316377289593/contents/package' }
verbose caching /tmp/npm-1306361100922/1306361100922-0.08003316377289593/contents/package/package.json
verbose loadDefaults stache@0.0.2
verbose tarball contents [ 'package' ]
verbose from cache /tmp/npm-1306361100922/1306361100922-0.08003316377289593/contents/package/package.json
verbose pack /tmp/npm-1306361100922/1306361100922-0.08003316377289593/contents/package /Users/jacob/.npm/stache/0.0.2/package.tgz
verbose from cache /tmp/npm-1306361100922/1306361100922-0.08003316377289593/contents/package/package.json
verbose mkdir done: /Users/jacob/.npm/stache/0.0.2 755
verbose mkdir'ed /Users/jacob/.npm/stache/0.0.2
verbose tar about to write tar and gzip it.
silly tar args [ '-cvf',
silly tar args   '-',
silly tar args   'package/index.js',
silly tar args   'package/package.json',
silly tar args   'package/README.md',
silly tar args   'package/lib/stache.js',
silly tar args   'package/test/test.js',
silly tar args   'package/examples/app.js',
silly tar args   'package/examples/public/application.css',
silly tar args   'package/examples/views/fat.mustache',
silly tar args   'package/examples/views/index.mustache',
silly tar args   'package/examples/views/layout.mustache',
silly tar args   'package/examples/views/nav.mustache' ]
verbose success tar -cvf - <file list elided>
verbose success gzip "--stdout"
verbose mkdir done: /Users/jacob/.npm/stache/0.0.2/___package.npm 755
verbose unpack_ uid, gid [ 503, 20 ]
verbose unpackTarget /Users/jacob/.npm/stache/0.0.2/package
silly gunzTarPerm modes [ '755', '644' ]
verbose success gzip "--decompress" "--stdout" "/Users/jacob/.npm/stache/0.0.2/package.tgz"
verbose success tar "-mvxpf" "-" "--no-same-owner" "-C" "/Users/jacob/.npm/stache/0.0.2/___package.npm"
silly asyncMap in gTP /Users/jacob/.npm/stache/0.0.2/___package.npm/package/
silly asyncMap in gTP /Users/jacob/.npm/stache/0.0.2/___package.npm/package/index.js
silly asyncMap in gTP /Users/jacob/.npm/stache/0.0.2/___package.npm/package/package.json
silly asyncMap in gTP /Users/jacob/.npm/stache/0.0.2/___package.npm/package/README.md
silly asyncMap in gTP /Users/jacob/.npm/stache/0.0.2/___package.npm/package/lib/
silly asyncMap in gTP /Users/jacob/.npm/stache/0.0.2/___package.npm/package/lib/stache.js
silly asyncMap in gTP /Users/jacob/.npm/stache/0.0.2/___package.npm/package/test/
silly asyncMap in gTP /Users/jacob/.npm/stache/0.0.2/___package.npm/package/test/test.js
silly asyncMap in gTP /Users/jacob/.npm/stache/0.0.2/___package.npm/package/examples/
silly asyncMap in gTP /Users/jacob/.npm/stache/0.0.2/___package.npm/package/examples/app.js
silly asyncMap in gTP /Users/jacob/.npm/stache/0.0.2/___package.npm/package/examples/public/
silly asyncMap in gTP /Users/jacob/.npm/stache/0.0.2/___package.npm/package/examples/public/application.css
silly asyncMap in gTP /Users/jacob/.npm/stache/0.0.2/___package.npm/package/examples/views/
silly asyncMap in gTP /Users/jacob/.npm/stache/0.0.2/___package.npm/package/examples/views/fat.mustache
silly asyncMap in gTP /Users/jacob/.npm/stache/0.0.2/___package.npm/package/examples/views/index.mustache
silly asyncMap in gTP /Users/jacob/.npm/stache/0.0.2/___package.npm/package/examples/views/layout.mustache
silly asyncMap in gTP /Users/jacob/.npm/stache/0.0.2/___package.npm/package/examples/views/nav.mustache
silly chmod package/ 755
silly chmod lib/ 755
silly chmod test/ 755
silly chmod examples/ 755
silly chmod public/ 755
silly chmod views/ 755
verbose gunzed /Users/jacob/.npm/stache/0.0.2/___package.npm/package
verbose rm'ed /Users/jacob/.npm/stache/0.0.2/package
verbose renamed [ '/Users/jacob/.npm/stache/0.0.2/___package.npm/package',
verbose renamed   '/Users/jacob/.npm/stache/0.0.2/package' ]
silly testEngine { name: 'stache',
silly testEngine   description: 'mustache templating for your express apps',
silly testEngine   version: '0.0.2',
silly testEngine   authors: [ 'Jacob Thornton <@fat>' ],
silly testEngine   keywords: [ 'mustache', 'express', 'stache' ],
silly testEngine   main: './index.js',
silly testEngine   engines: { node: '>= 0.4.1' },
silly testEngine   dependencies: { mustache: '>= 0.2.3', express: '>= 2.1.0' },
silly testEngine   devDependencies: {},
silly testEngine   _id: 'stache@0.0.2',
silly testEngine   _engineSupported: true,
silly testEngine   _npmVersion: '1.0.6',
silly testEngine   _nodeVersion: 'v0.4.2',
silly testEngine   _defaultsLoaded: true,
silly testEngine   dist: 
silly testEngine    { shasum: '76e187d62de4c0ea378343c591b72c47db922b11',
silly testEngine      tarball: 'http://registry.npmjs.org/stache/-/stache-0.0.2.tgz' },
silly testEngine   scripts: {} }
verbose caching /Users/jacob/.npm/stache/0.0.2/package/package.json
verbose loadDefaults stache@0.0.2
silly updated sha bytes 3209
info shasum 76e187d62de4c0ea378343c591b72c47db922b11
info shasum /Users/jacob/.npm/stache/0.0.2/package.tgz
verbose from cache /Users/jacob/.npm/stache/0.0.2/package/package.json
verbose chmod /Users/jacob/.npm/stache/0.0.2/package.json 644
verbose chmod /Users/jacob/.npm/stache/0.0.2/package.tgz 644
silly publish { name: 'stache',
silly publish   description: 'mustache templating for your express apps',
silly publish   version: '0.0.2',
silly publish   authors: [ 'Jacob Thornton <@fat>' ],
silly publish   keywords: [ 'mustache', 'express', 'stache' ],
silly publish   main: './index.js',
silly publish   engines: { node: '>= 0.4.1' },
silly publish   dependencies: { mustache: '>= 0.2.3', express: '>= 2.1.0' },
silly publish   devDependencies: {},
silly publish   _id: 'stache@0.0.2',
silly publish   _engineSupported: true,
silly publish   _npmVersion: '1.0.6',
silly publish   _nodeVersion: 'v0.4.2',
silly publish   _defaultsLoaded: true,
silly publish   dist: 
silly publish    { shasum: '76e187d62de4c0ea378343c591b72c47db922b11',
silly publish      tarball: 'http://registry.npmjs.org/stache/-/stache-0.0.2.tgz' },
silly publish   scripts: {} }
info prepublish stache@0.0.2
verbose PUT stache
verbose raw, before any munging stache
verbose url resolving [ 'http://registry.npmjs.org/', './stache' ]
verbose url resolved http://registry.npmjs.org/stache
verbose url parsed { protocol: 'http:',
verbose url parsed   slashes: true,
verbose url parsed   host: 'registry.npmjs.org',
verbose url parsed   hostname: 'registry.npmjs.org',
verbose url parsed   pathname: '/stache',
verbose url parsed   href: 'http://registry.npmjs.org/stache' }
WARN Sending authorization over insecure channel.
silly writing json { _id: 'stache',
silly writing json   name: 'stache',
silly writing json   description: 'mustache templating for your express apps',
silly writing json   'dist-tags': {},
silly writing json   versions: {},
silly writing json   maintainers: [ { name: 'fat', email: 'jacobthornton@gmail.com' } ] }
verbose response http://registry.npmjs.org/stache
silly chunk {"error":"conflict","reason":"Document update conflict."}
silly chunk 
verbose GET stache
verbose raw, before any munging stache
verbose url resolving [ 'http://registry.npmjs.org/', './stache' ]
verbose url resolved http://registry.npmjs.org/stache
verbose url parsed { protocol: 'http:',
verbose url parsed   slashes: true,
verbose url parsed   host: 'registry.npmjs.org',
verbose url parsed   hostname: 'registry.npmjs.org',
verbose url parsed   pathname: '/stache',
verbose url parsed   href: 'http://registry.npmjs.org/stache' }
verbose response http://registry.npmjs.org/stache
silly chunk {"_id":"stache","_rev":"5-d126c28f98525f81e2ff2c3d5cfe1b93","name":"stache","description":"mustache templating for your express apps","dist-tags":{"latest":"0.0.2"},"versions":{"0.0.1":{"name":"stache","description":"mustache templating for your express apps","version":"0.0.1","authors":["Jacob Thornton <@fat>"],"keywords":["mustache","express","stache"],"main":"./index.js","engines":{"node":">= 0.4.1"},"dependencies":{"mustache":">= 0.2.3"},"_id":"stache@0.0.1","_engineSupported":true,"_npmVersion":"0.3.17","_nodeVersion":"v0.4.2","directories":{"lib":"./lib"},"files":[""],"_defaultsLoaded":true,"dist":{"shasum":"b111d582f85ebdf668a9224884f9c5631cd57226","tarball":"http://registry.npmjs.org/stache/-/stache-0.0.1.tgz"}},"0.0.2":{"name":"stache","description":"mustache templating for your express apps","version":"0.0.2","authors":["Jacob Thornton <@fat>"],"keywords":["mustache","express","stache"],"main":"./index.js","engines":{"node":">= 0.4.1"},"dependencies":{"mustache":">= 0.2.3","express":">= 2.1.0"},"_id":"stache@0.0.2","_engineSupported":true,"_npmVersion":"0.3.17","_nodeVersion":"v0.4.2","directories":{"lib":"./lib"},"files":[""],"_defaultsLoaded":true,"dist":{"shasum":"81924fad10c8a6c7df0b3548ae785c9da7c1afb6","tarball":"http://registry.npmjs.org/stache/-/stache-0.0.2.tgz"}}},"maintainers":[{"name":"fat","email":"jacobthornton@gmail.com"}],"time":{"0.0.1":"2011-03-27T08:31:34.346Z","0.0.2":"2011-03-27T08:35:59.829Z"}}
info Already published stache@0.0.2
verbose uploading bin dists []
ERR! publish fail Cannot publish over existing version.
ERR! publish fail Bump the 'version' field, set the --force flag, or
ERR! publish fail     npm unpublish 'stache@0.0.2'
ERR! publish fail and try again
ERR! 
ERR! System Darwin 10.7.0
ERR! command "node" "/usr/local/bin/npm" "publish"
verbose exit [ 1, true ]
